<?xml version="1.0" encoding="utf-8"?><testsuites name="pytest tests"><testsuite name="pytest" errors="0" failures="1" skipped="0" tests="17" time="37.201" timestamp="2026-07-03T21:14:14.099208+00:00" hostname="agent-env-a34c8da2-bb38-4771-9dca-400921523877"><testcase classname="backend.tests.backend_test" name="test_health" time="0.285" /><testcase classname="backend.tests.backend_test" name="test_register_new_user_and_duplicate" time="0.356" /><testcase classname="backend.tests.backend_test" name="test_login_demo_valid_and_invalid" time="0.571" /><testcase classname="backend.tests.backend_test" name="test_me_returns_user" time="0.344" /><testcase classname="backend.tests.backend_test" name="test_me_without_token" time="0.107" /><testcase classname="backend.tests.backend_test" name="test_nutrition_analyze_and_list" time="2.057" /><testcase classname="backend.tests.backend_test" name="test_nutrition_requires_auth" time="0.105" /><testcase classname="backend.tests.backend_test" name="test_journal_analyze_text_persist_and_search" time="2.164" /><testcase classname="backend.tests.backend_test" name="test_journal_analyze_audio" time="6.534" /><testcase classname="backend.tests.backend_test" name="test_chat_send_and_list" time="15.208"><failure message="AssertionError: Internal Server Error&#10;assert 500 == 200&#10; +  where 500 = &lt;Response [500]&gt;.status_code">backend/tests/backend_test.py:149: in test_chat_send_and_list
    assert r.status_code == 200, r.text
E   AssertionError: Internal Server Error
E   assert 500 == 200
E    +  where 500 = &lt;Response [500]&gt;.status_code</failure></testcase><testcase classname="backend.tests.backend_test" name="test_insights" time="7.412" /><testcase classname="backend.tests.backend_test" name="test_activity_roundtrip" time="0.408" /><testcase classname="backend.tests.backend_test" name="test_devices_crud" time="0.441" /><testcase classname="backend.tests.backend_test" name="test_streak" time="0.107" /><testcase classname="backend.tests.backend_test" name="test_weekly_pdf" time="0.195" /><testcase classname="backend.tests.backend_test" name="test_admin_stats_and_users" time="0.480" /><testcase classname="backend.tests.backend_test" name="test_admin_forbidden_for_normal" time="0.210" /></testsuite></testsuites>