<?xml version="1.0" encoding="utf-8"?><testsuites name="pytest tests"><testsuite name="pytest" errors="0" failures="0" skipped="0" tests="21" time="46.726" timestamp="2026-07-03T21:31:00.791113+00:00" hostname="agent-env-a34c8da2-bb38-4771-9dca-400921523877"><testcase classname="backend.tests.backend_test" name="test_health" time="0.131" /><testcase classname="backend.tests.backend_test" name="test_register_new_user_and_duplicate" time="0.331" /><testcase classname="backend.tests.backend_test" name="test_login_demo_valid_and_invalid" time="0.545" /><testcase classname="backend.tests.backend_test" name="test_me_returns_user" time="0.321" /><testcase classname="backend.tests.backend_test" name="test_me_without_token" time="0.099" /><testcase classname="backend.tests.backend_test" name="test_nutrition_analyze_and_list" time="2.115" /><testcase classname="backend.tests.backend_test" name="test_nutrition_requires_auth" time="0.174" /><testcase classname="backend.tests.backend_test" name="test_nutrition_blank_image_returns_422" time="1.752" /><testcase classname="backend.tests.backend_test" name="test_nutrition_delete_invalid_id_returns_404" time="0.131" /><testcase classname="backend.tests.backend_test" name="test_journal_analyze_text_persist_and_search" time="1.983" /><testcase classname="backend.tests.backend_test" name="test_journal_analyze_audio" time="14.058" /><testcase classname="backend.tests.backend_test" name="test_chat_send_and_list" time="1.602" /><testcase classname="backend.tests.backend_test" name="test_chat_multi_turn_regression" time="3.059" /><testcase classname="backend.tests.backend_test" name="test_insights" time="8.904" /><testcase classname="backend.tests.backend_test" name="test_insights_returns_four_recommendations" time="9.756" /><testcase classname="backend.tests.backend_test" name="test_activity_roundtrip" time="0.350" /><testcase classname="backend.tests.backend_test" name="test_devices_crud" time="0.422" /><testcase classname="backend.tests.backend_test" name="test_streak" time="0.092" /><testcase classname="backend.tests.backend_test" name="test_weekly_pdf" time="0.176" /><testcase classname="backend.tests.backend_test" name="test_admin_stats_and_users" time="0.465" /><testcase classname="backend.tests.backend_test" name="test_admin_forbidden_for_normal" time="0.182" /></testsuite></testsuites>